
> freelancer-portfolio@1.0.0 start
> webpack serve --mode development --open

<i> [webpack-dev-server] Project is running at:
<i> [webpack-dev-server] Loopback: http://localhost:8081/
<i> [webpack-dev-server] On Your Network (IPv4): http://192.168.100.7:8081/
<i> [webpack-dev-server] On Your Network (IPv6): http://[fe80::be7a:f097:a693:c2e]:8081/
<i> [webpack-dev-server] Content not from webpack is served from './dist' directory
<i> [webpack-dev-middleware] wait until bundle finished: /
asset bundle.js 1.36 MiB [emitted] (name: main)
asset index.html 290 bytes [emitted]
runtime modules 27.7 KiB 14 modules
modules by path ./node_modules/ 1.22 MiB 40 modules
modules by path ./src/ 18.2 KiB
  modules by path ./src/pages/*.js 2.83 KiB
    ./src/pages/Home.js 600 bytes [built] [code generated]
    ./src/pages/Servicios.js 1.65 KiB [built] [code generated]
    ./src/pages/Contacto.js 611 bytes [built] [code generated]
  modules by path ./src/*.js 619 bytes
    ./src/index.js 202 bytes [built] [code generated]
    ./src/App.js 417 bytes [built] [code generated]
  modules by path ./src/*.css 14.8 KiB
    ./src/index.css 2.37 KiB [built] [code generated]
    ./node_modules/css-loader/dist/cjs.js!./node_modules/postcss-loader/dist/cjs.js!./src/index.css 12.4 KiB [built] [code generated]
webpack 5.99.5 compiled successfully in 8391 ms
